<?xml version="1.0" encoding="UTF-8"?>
<!-- Generated by org.testng.reporters.JUnitReportReporter -->
<testsuite skipped="0" hostname="SREESAI-305" name="testng.Testngdemo" tests="1" failures="0" timestamp="2021-08-31T19:01:39 IST" time="0.009" errors="0">
  <testcase name="f" time="0.009" classname="testng.Testngdemo"/>
  <system-out/>
</testsuite> <!-- testng.Testngdemo -->
